<component name="libraryTable">
  <library name="junit:junit-dep:4.8.2" type="repository">
    <properties maven-id="junit:junit-dep:4.8.2" />
    <CLASSES>
      <root url="jar://$MAVEN_REPOSITORY$/junit/junit-dep/4.8.2/junit-dep-4.8.2.jar!/" />
      <root url="jar://$MAVEN_REPOSITORY$/org/hamcrest/hamcrest-core/1.1/hamcrest-core-1.1.jar!/" />
    </CLASSES>
    <JAVADOC>
      <root url="jar://$MAVEN_REPOSITORY$/junit/junit-dep/4.8.2/junit-dep-4.8.2-javadoc.jar!/" />
    </JAVADOC>
    <SOURCES>
      <root url="jar://$MAVEN_REPOSITORY$/junit/junit-dep/4.8.2/junit-dep-4.8.2-sources.jar!/" />
    </SOURCES>
  </library>
</component>